2025-06-12T00:48:16+00:00 \u2705 update_problem.php 진입
2025-06-12T00:48:16+00:00 \u2705 functions.php 포함 완료
2025-06-12T00:48:16+00:00 \u2705 mathpix_analyzer.php 포함 완료
2025-06-12T00:48:16+00:00 \u2705 DB 연결 완료
2025-06-12T05:40:20+00:00 ✅ update_problem.php 진입
2025-06-12T05:40:20+00:00 ✅ functions.php 포함 완료
2025-06-12T05:40:20+00:00 ✅ mathpix_analyzer.php 포함 완료
2025-06-12T05:40:20+00:00 ✅ DB 연결 완료
2025-06-12T05:42:37+00:00 ✅ update_problem.php 진입
2025-06-12T05:42:37+00:00 ✅ functions.php 포함 완료
2025-06-12T05:42:37+00:00 ✅ mathpix_analyzer.php 포함 완료
2025-06-12T05:42:37+00:00 ✅ DB 연결 완료
2025-06-12T05:54:45+00:00 ✅ update_problem.php 진입
2025-06-12T05:54:45+00:00 ✅ functions.php 포함 완료
2025-06-12T05:54:45+00:00 ✅ mathpix_analyzer.php 포함 완료
2025-06-12T05:54:45+00:00 ✅ DB 연결 완료
2025-06-12T06:39:42+00:00 ✅ update_problem.php 진입
2025-06-12T06:39:42+00:00 ✅ functions.php 포함 완료
2025-06-12T06:39:42+00:00 ✅ mathpix_analyzer.php 포함 완료
2025-06-12T06:39:42+00:00 ✅ DB 연결 완료
2025-06-12T06:42:01+00:00 ✅ update_problem.php 진입
2025-06-12T06:42:01+00:00 ✅ functions.php 포함 완료
2025-06-12T06:42:01+00:00 ✅ mathpix_analyzer.php 포함 완료
2025-06-12T06:42:01+00:00 ✅ DB 연결 완료
2025-06-12T06:47:42+00:00 ✅ update_problem.php 진입
2025-06-12T06:47:42+00:00 ✅ functions.php 포함 완료
2025-06-12T06:47:42+00:00 ✅ mathpix_analyzer.php 포함 완료
2025-06-12T06:47:42+00:00 ✅ DB 연결 완료
2025-06-12T07:22:04+00:00 ✅ update_problem.php 진입
2025-06-12T07:22:04+00:00 ✅ functions.php 포함 완료
2025-06-12T07:22:04+00:00 ✅ mathpix_analyzer.php 포함 완료
2025-06-12T07:22:04+00:00 ✅ DB 연결 완료
2025-06-12T07:30:42+00:00 ✅ update_problem.php 진입
2025-06-12T07:30:42+00:00 ✅ functions.php 포함 완료
2025-06-12T07:30:42+00:00 ✅ mathpix_analyzer.php 포함 완료
2025-06-12T07:30:42+00:00 ✅ DB 연결 완료
2025-06-12T07:34:50+00:00 ✅ update_problem.php 진입
2025-06-12T07:34:50+00:00 ✅ functions.php 포함 완료
2025-06-12T07:34:50+00:00 ✅ mathpix_analyzer.php 포함 완료
2025-06-12T07:34:50+00:00 ✅ DB 연결 완료
2025-06-12T07:40:46+00:00 ✅ update_problem.php 진입
2025-06-12T07:40:46+00:00 ✅ functions.php 포함 완료
2025-06-12T07:40:46+00:00 ✅ mathpix_analyzer.php 포함 완료
2025-06-12T07:40:46+00:00 ✅ DB 연결 완료
2025-06-12T07:50:24+00:00 ✅ update_problem.php 진입
2025-06-12T07:50:24+00:00 ✅ functions.php 포함 완료
2025-06-12T07:50:24+00:00 ✅ mathpix_analyzer.php 포함 완료
2025-06-12T07:50:24+00:00 ✅ DB 연결 완료
2025-06-12T12:40:42+00:00 ✅ update_problem.php 진입
2025-06-12T12:40:42+00:00 ✅ functions.php 포함 완료
2025-06-12T12:40:42+00:00 ✅ mathpix_analyzer.php 포함 완료
2025-06-12T12:40:42+00:00 ✅ DB 연결 완료
2025-06-12T12:41:07+00:00 ✅ UPDATE 성공: 문제ID = 15
2025-06-13T00:00:45+00:00 ✅ update_problem.php 진입
2025-06-13T00:00:45+00:00 ✅ functions.php 포함 완료
2025-06-13T00:00:45+00:00 ✅ mathpix_analyzer.php 포함 완료
2025-06-13T00:00:45+00:00 ✅ DB 연결 완료
2025-06-13T00:01:20+00:00 ✅ UPDATE 성공: 문제ID = 19
2025-06-13T04:20:31+00:00 ✅ update_problem.php 진입
2025-06-13T04:20:31+00:00 ✅ functions.php 포함 완료
2025-06-13T04:20:31+00:00 ✅ mathpix_analyzer.php 포함 완료
2025-06-13T04:20:31+00:00 ✅ DB 연결 완료
2025-06-13T04:20:39+00:00 ✅ update_problem.php 진입
2025-06-13T04:20:39+00:00 ✅ functions.php 포함 완료
2025-06-13T04:20:39+00:00 ✅ mathpix_analyzer.php 포함 완료
2025-06-13T04:20:39+00:00 ✅ DB 연결 완료
2025-06-13T04:21:06+00:00 ✅ UPDATE 성공: 문제ID = 19
2025-06-13T04:21:14+00:00 ✅ UPDATE 성공: 문제ID = 19
2025-06-15T14:14:44+00:00 ✅ update_problem.php 진입
2025-06-15T14:14:44+00:00 ✅ functions.php 포함 완료
2025-06-15T14:14:44+00:00 ✅ mathpix_analyzer.php 포함 완료
2025-06-15T14:14:44+00:00 ✅ DB 연결 완료
2025-06-15T14:14:50+00:00 ✅ update_problem.php 진입
2025-06-15T14:14:50+00:00 ✅ functions.php 포함 완료
2025-06-15T14:14:50+00:00 ✅ mathpix_analyzer.php 포함 완료
2025-06-15T14:14:50+00:00 ✅ DB 연결 완료
2025-06-15T14:14:51+00:00 ✅ update_problem.php 진입
2025-06-15T14:14:51+00:00 ✅ functions.php 포함 완료
2025-06-15T14:14:51+00:00 ✅ mathpix_analyzer.php 포함 완료
2025-06-15T14:14:51+00:00 ✅ DB 연결 완료
2025-06-15T14:14:51+00:00 ✅ update_problem.php 진입
2025-06-15T14:14:51+00:00 ✅ functions.php 포함 완료
2025-06-15T14:14:51+00:00 ✅ mathpix_analyzer.php 포함 완료
2025-06-15T14:14:51+00:00 ✅ DB 연결 완료
2025-06-15T14:15:19+00:00 ✅ UPDATE 성공: 문제ID = 19
2025-06-15T14:15:25+00:00 ✅ UPDATE 성공: 문제ID = 19
2025-06-15T14:15:26+00:00 ✅ UPDATE 성공: 문제ID = 19
2025-06-15T14:15:26+00:00 ✅ UPDATE 성공: 문제ID = 19
2025-06-15T14:29:33+00:00 ✅ update_problem.php 진입
2025-06-15T14:29:33+00:00 ✅ functions.php 포함 완료
2025-06-15T14:29:33+00:00 ✅ mathpix_analyzer.php 포함 완료
2025-06-15T14:29:33+00:00 ✅ DB 연결 완료
2025-06-15T14:29:36+00:00 ✅ update_problem.php 진입
2025-06-15T14:29:36+00:00 ✅ functions.php 포함 완료
2025-06-15T14:29:36+00:00 ✅ mathpix_analyzer.php 포함 완료
2025-06-15T14:29:36+00:00 ✅ DB 연결 완료
2025-06-15T14:29:38+00:00 ✅ update_problem.php 진입
2025-06-15T14:29:38+00:00 ✅ functions.php 포함 완료
2025-06-15T14:29:38+00:00 ✅ mathpix_analyzer.php 포함 완료
2025-06-15T14:29:38+00:00 ✅ DB 연결 완료
2025-06-15T14:29:40+00:00 ✅ UPDATE 성공: 문제ID = 19
2025-06-15T14:29:40+00:00 ✅ UPDATE 성공: 문제ID = 19
2025-06-15T14:29:40+00:00 ✅ UPDATE 성공: 문제ID = 19
2025-06-15T14:46:28+00:00 ✅ update_problem.php 진입
2025-06-15T14:46:28+00:00 ✅ functions.php 포함 완료
2025-06-15T14:46:28+00:00 ✅ mathpix_analyzer.php 포함 완료
2025-06-15T14:46:28+00:00 ✅ DB 연결 완료
2025-06-15T14:46:32+00:00 ✅ update_problem.php 진입
2025-06-15T14:46:32+00:00 ✅ functions.php 포함 완료
2025-06-15T14:46:32+00:00 ✅ mathpix_analyzer.php 포함 완료
2025-06-15T14:46:32+00:00 ✅ DB 연결 완료
2025-06-15T14:46:34+00:00 ✅ update_problem.php 진입
2025-06-15T14:46:34+00:00 ✅ functions.php 포함 완료
2025-06-15T14:46:34+00:00 ✅ mathpix_analyzer.php 포함 완료
2025-06-15T14:46:34+00:00 ✅ DB 연결 완료
2025-06-15T14:46:35+00:00 ✅ update_problem.php 진입
2025-06-15T14:46:35+00:00 ✅ functions.php 포함 완료
2025-06-15T14:46:35+00:00 ✅ mathpix_analyzer.php 포함 완료
2025-06-15T14:46:35+00:00 ✅ DB 연결 완료
2025-06-15T14:46:37+00:00 ✅ update_problem.php 진입
2025-06-15T14:46:37+00:00 ✅ functions.php 포함 완료
2025-06-15T14:46:37+00:00 ✅ mathpix_analyzer.php 포함 완료
2025-06-15T14:46:37+00:00 ✅ DB 연결 완료
2025-06-15T14:46:38+00:00 ✅ update_problem.php 진입
2025-06-15T14:46:38+00:00 ✅ functions.php 포함 완료
2025-06-15T14:46:38+00:00 ✅ mathpix_analyzer.php 포함 완료
2025-06-15T14:46:38+00:00 ✅ DB 연결 완료
2025-06-15T14:46:39+00:00 ✅ update_problem.php 진입
2025-06-15T14:46:39+00:00 ✅ functions.php 포함 완료
2025-06-15T14:46:39+00:00 ✅ mathpix_analyzer.php 포함 완료
2025-06-15T14:46:39+00:00 ✅ DB 연결 완료
2025-06-15T14:46:39+00:00 ✅ update_problem.php 진입
2025-06-15T14:46:39+00:00 ✅ functions.php 포함 완료
2025-06-15T14:46:39+00:00 ✅ mathpix_analyzer.php 포함 완료
2025-06-15T14:46:39+00:00 ✅ DB 연결 완료
2025-06-15T14:47:02+00:00 ✅ UPDATE 성공: 문제ID = 19
2025-06-15T14:47:02+00:00 ✅ UPDATE 성공: 문제ID = 19
2025-06-15T14:47:02+00:00 ✅ UPDATE 성공: 문제ID = 19
2025-06-15T14:47:02+00:00 ✅ UPDATE 성공: 문제ID = 19
2025-06-15T14:47:03+00:00 ✅ UPDATE 성공: 문제ID = 19
2025-06-15T14:47:03+00:00 ✅ UPDATE 성공: 문제ID = 19
2025-06-15T14:47:03+00:00 ✅ UPDATE 성공: 문제ID = 19
2025-06-15T14:47:03+00:00 ✅ UPDATE 성공: 문제ID = 19
2025-06-15T14:56:57+00:00 ✅ update_problem.php 진입
2025-06-15T14:56:57+00:00 ✅ functions.php 포함 완료
2025-06-15T14:56:57+00:00 ✅ mathpix_analyzer.php 포함 완료
2025-06-15T14:56:57+00:00 ✅ DB 연결 완료
2025-06-15T14:56:59+00:00 ✅ UPDATE 성공: 문제ID = 19
2025-06-17T08:04:51+00:00 ✅ update_problem.php 진입
2025-06-17T08:04:51+00:00 ✅ functions.php 포함 완료
2025-06-17T08:46:03+00:00 ✅ update_problem.php 진입
2025-06-17T08:46:03+00:00 ✅ functions.php 포함 완료
2025-06-17T09:06:14+00:00 ✅ update_problem.php 진입
2025-06-17T09:06:14+00:00 ✅ functions.php 포함 완료
2025-06-17T09:06:14+00:00 ✅ mathpix_analyzer.php 포함 완료
2025-06-17T09:06:14+00:00 ✅ DB 연결 완료
2025-06-17T09:06:58+00:00 ✅ UPDATE 성공: 문제ID = 19
2025-06-17T10:45:36+00:00 ✅ update_problem.php 진입
2025-06-17T10:45:36+00:00 ✅ functions.php 포함 완료
2025-06-17T10:45:36+00:00 ✅ mathpix_analyzer.php 포함 완료
2025-06-17T10:45:36+00:00 ✅ DB 연결 완료
2025-06-17T10:45:56+00:00 ✅ UPDATE 성공: 문제ID = 11
2025-06-17T10:47:21+00:00 ✅ update_problem.php 진입
2025-06-17T10:47:21+00:00 ✅ functions.php 포함 완료
2025-06-17T10:47:21+00:00 ✅ mathpix_analyzer.php 포함 완료
2025-06-17T10:47:21+00:00 ✅ DB 연결 완료
2025-06-17T10:47:26+00:00 ✅ UPDATE 성공: 문제ID = 17
2025-06-17T11:32:44+00:00 ✅ update_problem.php 진입
2025-06-17T11:32:44+00:00 ✅ functions.php 포함 완료
2025-06-17T11:32:44+00:00 ✅ mathpix_analyzer.php 포함 완료
2025-06-17T11:32:44+00:00 ✅ DB 연결 완료
2025-06-17T11:33:19+00:00 ✅ UPDATE 성공: 문제ID = 19
2025-06-17T11:51:13+00:00 ✅ update_problem.php 진입
2025-06-17T11:51:13+00:00 ✅ functions.php 포함 완료
2025-06-17T11:51:13+00:00 ✅ mathpix_analyzer.php 포함 완료
2025-06-17T11:51:13+00:00 ✅ DB 연결 완료
2025-06-17T11:51:58+00:00 ✅ UPDATE 성공: 문제ID = 19
2025-06-17T11:52:40+00:00 ✅ update_problem.php 진입
2025-06-17T11:52:40+00:00 ✅ functions.php 포함 완료
2025-06-17T11:52:40+00:00 ✅ mathpix_analyzer.php 포함 완료
2025-06-17T11:52:40+00:00 ✅ DB 연결 완료
2025-06-17T11:52:44+00:00 ✅ UPDATE 성공: 문제ID = 19
